TN:
SF:src\errors\AppError.ts
FN:5,AppError
FNF:1
FNH:0
FNDA:0,AppError
DA:1,1
DA:2,1
DA:3,1
DA:4,1
DA:5,1
DA:6,0
DA:7,0
DA:8,0
DA:9,1
LF:9
LH:6
BRF:0
BRH:0
end_of_record
TN:
SF:src\repositories\Accounts\MockAccountsRepository.ts
FN:10,MockAccountsRepository
FN:13,list
FN:18,create
FN:43,update
FN:58,delete
FN:64,findById
FN:68,getEntries
FNF:7
FNH:3
FNDA:1,MockAccountsRepository
FNDA:0,list
FNDA:1,create
FNDA:0,update
FNDA:0,delete
FNDA:0,findById
FNDA:1,getEntries
DA:1,1
DA:2,1
DA:3,1
DA:4,1
DA:5,1
DA:6,1
DA:7,1
DA:8,1
DA:9,1
DA:10,1
DA:11,1
DA:12,1
DA:13,1
DA:14,0
DA:15,0
DA:16,0
DA:17,1
DA:18,1
DA:19,1
DA:20,1
DA:21,1
DA:22,1
DA:23,1
DA:24,1
DA:25,1
DA:26,1
DA:27,1
DA:28,1
DA:29,1
DA:30,1
DA:31,1
DA:32,1
DA:33,1
DA:34,1
DA:35,1
DA:36,1
DA:37,1
DA:38,1
DA:39,1
DA:40,1
DA:41,1
DA:42,1
DA:43,1
DA:44,0
DA:45,0
DA:46,0
DA:47,0
DA:48,0
DA:49,0
DA:50,0
DA:51,0
DA:52,0
DA:53,0
DA:54,0
DA:55,0
DA:56,0
DA:57,1
DA:58,1
DA:59,0
DA:60,0
DA:61,0
DA:62,0
DA:63,1
DA:64,1
DA:65,0
DA:66,0
DA:67,1
DA:68,1
DA:69,1
DA:70,1
DA:71,1
DA:72,1
DA:73,1
LF:73
LH:51
BRDA:10,0,0,1
BRDA:18,1,0,1
BRDA:68,2,0,1
BRF:3
BRH:3
end_of_record
TN:
SF:src\useCases\Account\CreateNewAccount\CreateNewAccountService.service.ts
FN:17,CreateNewAccountService
FN:23,execute
FNF:2
FNH:2
FNDA:1,CreateNewAccountService
FNDA:1,execute
DA:1,1
DA:2,1
DA:3,1
DA:4,1
DA:5,1
DA:6,1
DA:7,1
DA:8,1
DA:9,1
DA:10,1
DA:11,1
DA:12,1
DA:13,1
DA:14,1
DA:15,1
DA:16,1
DA:17,1
DA:18,1
DA:19,1
DA:20,1
DA:21,1
DA:22,1
DA:23,1
DA:24,1
DA:25,1
DA:26,1
DA:27,1
DA:28,1
DA:29,1
DA:30,1
DA:31,1
DA:32,1
DA:33,1
DA:34,1
DA:35,1
DA:36,1
DA:37,1
DA:38,1
DA:39,1
DA:40,1
DA:41,1
DA:42,1
DA:43,1
DA:44,1
DA:45,1
DA:46,1
DA:47,1
LF:47
LH:47
BRDA:17,0,0,1
BRDA:23,1,0,1
BRDA:30,2,0,0
BRDA:31,3,0,0
BRF:4
BRH:2
end_of_record
